"thrustforce-rfile"
"Iteration" "thrustforce"
("Iteration" "thrustforce")
1 -33.91213
2 -76.87929
3 -30.69642
4 -35.30384
5 -51.79675
6 -68.07682
7 -54.27921
8 -21.1079
9 -0.4075842
10 17.25261
11 8.798607
12 0.0945487
13 -0.01337099
14 -7.055437
15 -12.4485
16 -8.928768
17 -4.256661
18 -2.081128
19 -1.048066
20 -0.480552
21 0.3098752
22 0.680934
23 0.6833376
24 1.178164
25 1.466099
26 1.357664
27 1.854394
28 1.574544
29 1.59535
30 1.604698
31 1.583227
32 1.586358
33 1.44336
34 1.483346
35 1.446239
36 1.480243
37 1.449976
38 1.439862
39 1.41522
40 1.312807
41 1.220703
42 1.095806
43 1.131344
44 1.120079
45 1.068482
46 0.9869276
47 0.9494079
48 0.9143718
49 0.8757982
50 0.8701212
51 0.8676466
52 0.8917494
53 0.8952738
54 0.8998076
55 0.8869666
56 0.8747495
57 0.8810003
58 0.8948901
59 0.8966964
60 0.8883141
61 0.8678905
62 0.8310102
63 0.8197472
64 0.8173383
65 0.8082011
66 0.7780179
67 0.766703
68 0.7271519
69 0.787066
70 0.8046446
71 0.8070427
72 0.781679
73 0.7868211
74 0.7686994
75 0.7235132
76 0.769614
77 0.7904656
78 0.8536674
79 0.8280534
80 0.8090142
81 0.7870122
82 0.7972784
83 0.780353
84 0.7707198
85 0.7181669
86 0.7348582
87 0.7442229
88 0.7433234
89 0.8081868
90 0.8357722
91 0.8895997
92 0.9470723
93 1.008872
94 1.187697
95 1.345259
96 1.462417
97 1.629042
98 1.717426
99 1.762329
100 1.856165
101 1.884965
102 1.88452
103 1.878609
104 1.971285
105 2.012105
106 2.141241
107 2.142969
108 2.256801
109 2.400497
110 2.529109
111 2.879175
112 3.286532
113 3.497436
114 3.735716
115 3.494418
116 3.269298
117 3.064033
118 2.780422
119 2.686009
120 2.587801
121 2.460257
122 2.522948
123 2.453666
124 2.492782
125 2.463773
126 2.375553
127 2.322202
128 2.29067
129 2.238868
130 2.103009
131 2.104321
132 2.084487
133 2.091049
134 1.909941
135 1.973473
136 2.106587
137 2.073845
138 2.01091
139 2.033946
140 2.099792
141 2.124739
142 2.186264
143 2.283287
144 2.325834
145 2.394882
146 2.445157
147 2.554599
148 2.715493
149 2.804954
150 2.906547
151 2.937968
152 2.96212
153 3.010348
154 3.147431
155 3.255606
156 3.315519
157 3.415189
158 3.600902
159 3.638069
160 3.694178
161 3.71193
162 3.732617
163 3.904957
164 3.961795
165 4.085982
166 4.235979
167 4.415703
168 4.549902
169 4.683399
170 4.769676
171 4.897991
172 5.006497
173 5.094857
174 5.245335
175 5.321474
176 5.427598
177 5.542604
178 5.655645
179 5.731224
180 5.88637
181 6.016902
182 6.160896
183 6.334399
184 6.447222
185 6.58529
186 6.725293
187 6.84837
188 6.971714
189 7.104993
190 7.283907
191 7.383883
192 7.588462
193 7.645729
194 7.731043
195 7.892548
196 8.02509
197 8.13942
198 8.214588
199 8.233416
200 8.35401
201 8.463905
202 8.522984
203 8.622261
204 8.723217
205 8.806858
206 8.927463
207 8.97889
208 9.001685
209 9.087707
210 9.203335
211 9.241528
212 9.273434
213 9.34497
214 9.413532
215 9.490532
216 9.528566
217 9.596882
218 9.613443
219 9.653616
220 9.672014
221 9.697332
222 9.730453
223 9.800695
224 9.839636
225 9.867613
226 9.902298
227 9.949887
228 9.977548
229 10.01868
230 10.03571
231 10.03031
232 10.03925
233 10.08341
234 10.12707
235 10.16524
236 10.20434
237 10.21421
238 10.24085
239 10.28481
240 10.3158
241 10.35572
242 10.37661
243 10.3992
244 10.43476
245 10.44975
246 10.4804
247 10.4926
248 10.50794
249 10.51815
250 10.54388
251 10.57009
252 10.60046
253 10.62443
254 10.63852
255 10.65317
256 10.66033
257 10.67522
258 10.69326
259 10.71525
260 10.73802
261 10.7686
262 10.79168
263 10.8096
264 10.83261
265 10.86832
266 10.88653
267 10.90787
268 10.93542
269 10.94978
270 10.97566
271 10.99995
272 11.01874
273 11.03734
274 11.05627
275 11.06456
276 11.08
277 11.09394
278 11.1034
279 11.11505
280 11.12282
281 11.12643
282 11.13288
283 11.14345
284 11.16088
285 11.16784
286 11.17618
287 11.19026
288 11.20371
289 11.21524
290 11.22596
291 11.23532
292 11.24718
293 11.25683
294 11.26724
295 11.27421
296 11.28318
297 11.2956
298 11.30632
299 11.31232
300 11.32416
301 11.33375
302 11.34476
303 11.35385
304 11.35796
305 11.36615
306 11.37422
307 11.38072
308 11.38761
309 11.39474
310 11.40051
311 11.40378
312 11.40818
313 11.41389
314 11.41828
315 11.42411
316 11.42516
317 11.42819
318 11.43074
319 11.43616
320 11.44127
321 11.44576
322 11.45176
323 11.45633
324 11.46224
325 11.46772
326 11.47065
327 11.47335
328 11.47725
329 11.48185
330 11.48585
331 11.48894
332 11.49473
333 11.4989
334 11.50185
335 11.50537
336 11.50874
337 11.51304
338 11.51486
339 11.51658
340 11.5188
341 11.5201
342 11.5231
343 11.52565
344 11.52971
345 11.5318
346 11.53311
347 11.53645
348 11.53876
349 11.54072
350 11.54232
351 11.54461
352 11.54658
353 11.54838
354 11.55127
355 11.55336
356 11.5552
357 11.55583
358 11.55814
359 11.56126
360 11.56258
361 11.56425
362 11.56709
363 11.56834
364 11.56906
365 11.57107
366 11.57411
367 11.57511
368 11.57774
369 11.57892
370 11.5798
371 11.57946
372 11.58106
373 11.58388
374 11.58486
375 11.58576
376 11.58732
377 11.58762
378 11.58914
379 11.59081
380 11.59254
381 11.59284
382 11.59406
383 11.59563
384 11.59618
385 11.59704
386 11.59652
387 11.59784
388 11.59845
389 11.59956
390 11.60062
391 11.60073
392 11.6019
393 11.60307
394 11.60344
395 11.60477
396 11.60463
397 11.60524
398 11.60674
399 11.60732
400 11.60766
401 11.6082
402 11.60859
403 11.60941
404 11.6101
405 11.60999
406 11.61009
407 11.61077
408 11.61159
409 11.61294
410 11.61348
411 11.61397
412 11.61437
413 11.61486
414 11.61409
415 11.61444
416 11.6147
417 11.61476
418 11.6146
419 11.61526
420 11.6155
421 11.61693
422 11.61682
423 11.61767
424 11.61693
425 11.61726
426 11.61738
427 11.61767
428 11.61827
429 11.6187
430 11.61887
431 11.6191
432 11.6188
433 11.61948
434 11.62047
435 11.62142
436 11.62034
437 11.61926
438 11.6204
439 11.62105
440 11.62142
