"torque-rfile"
"Iteration" "torque"
("Iteration" "torque")
1 -11111.32
2 -7.11662
3 -5.365939
4 -5.96813
5 -3.833734
6 -1.663938
7 -0.6356827
8 -0.3827359
9 -0.6604617
10 -1.060809
11 -1.614778
12 -2.331836
13 -3.090878
14 -3.755705
15 -4.237226
16 -4.526123
17 -4.696133
18 -4.805999
19 -4.883302
20 -4.944393
21 -4.994581
22 -5.034305
23 -5.067866
24 -5.097558
25 -5.124875
26 -5.150375
27 -5.1747
28 -5.198176
29 -5.220683
30 -5.242985
31 -5.265661
32 -5.28818
33 -5.310884
34 -5.333549
35 -5.356709
36 -5.380488
37 -5.40482
38 -5.429463
39 -5.454273
40 -5.479644
41 -5.505391
42 -5.531407
43 -5.558399
44 -5.586023
45 -5.613997
46 -5.64242
47 -5.671658
48 -5.70179
49 -5.73268
50 -5.764402
51 -5.796769
52 -5.830066
53 -5.864339
54 -5.899434
55 -5.935376
56 -5.97227
57 -6.010077
58 -6.048717
59 -6.088436
60 -6.128915
61 -6.170568
62 -6.21318
63 -6.257011
64 -6.301968
65 -6.348369
66 -6.395937
67 -6.444537
68 -6.494271
69 -6.545976
70 -6.599432
71 -6.654104
72 -6.710011
73 -6.768054
74 -6.827695
75 -6.889456
76 -6.953316
77 -7.019768
78 -7.087867
79 -7.157922
80 -7.229585
81 -7.303939
82 -7.380136
83 -7.458483
84 -7.53915
85 -7.621892
86 -7.706641
87 -7.794019
88 -7.882832
89 -7.972399
90 -8.062864
91 -8.152522
92 -8.240553
93 -8.325968
94 -8.406714
95 -8.479479
96 -8.557291
97 -8.628386
98 -8.698399
99 -8.767007
100 -8.841867
101 -8.912735
102 -8.982275
103 -9.056631
104 -9.133152
105 -9.206944
106 -9.280504
107 -9.35331
108 -9.432965
109 -9.51112
110 -9.600872
111 -9.71306
112 -9.853738
113 -10.05767
114 -10.30908
115 -10.58112
116 -10.8585
117 -11.14073
118 -11.42658
119 -11.71544
120 -12.00365
121 -12.29267
122 -12.58284
123 -12.87293
124 -13.16339
125 -13.45551
126 -13.74889
127 -14.0433
128 -14.33963
129 -14.63573
130 -14.93438
131 -15.23408
132 -15.53709
133 -15.8411
134 -16.14834
135 -16.45661
136 -16.76838
137 -17.0814
138 -17.39752
139 -17.71503
140 -18.03504
141 -18.35638
142 -18.68009
143 -19.00484
144 -19.33149
145 -19.65945
146 -19.98771
147 -20.3173
148 -20.64762
149 -20.97819
150 -21.30884
151 -21.63905
152 -21.96896
153 -22.29805
154 -22.62604
155 -22.95298
156 -23.27851
157 -23.60229
158 -23.92379
159 -24.24319
160 -24.5599
161 -24.87417
162 -25.18584
163 -25.49428
164 -25.79917
165 -26.10064
166 -26.39809
167 -26.69158
168 -26.98084
169 -27.26556
170 -27.54586
171 -27.82171
172 -28.09323
173 -28.36043
174 -28.6231
175 -28.88084
176 -29.13329
177 -29.38141
178 -29.62457
179 -29.86243
180 -30.09508
181 -30.32251
182 -30.54501
183 -30.76215
184 -30.97415
185 -31.18089
186 -31.38239
187 -31.57875
188 -31.77005
189 -31.95633
190 -32.13757
191 -32.3138
192 -32.48494
193 -32.65141
194 -32.81309
195 -32.97007
196 -33.12235
197 -33.26999
198 -33.41341
199 -33.55247
200 -33.68725
201 -33.81808
202 -33.94489
203 -34.06756
204 -34.18612
205 -34.30081
206 -34.41198
207 -34.51944
208 -34.62339
209 -34.72382
210 -34.82083
211 -34.91428
212 -35.00468
213 -35.09197
214 -35.17616
215 -35.25745
216 -35.33597
217 -35.41179
218 -35.48494
219 -35.55558
220 -35.62346
221 -35.68895
222 -35.75211
223 -35.81328
224 -35.87223
225 -35.9291
226 -35.98389
227 -36.0369
228 -36.08777
229 -36.13686
230 -36.18416
231 -36.23
232 -36.27414
233 -36.31664
234 -36.35762
235 -36.39716
236 -36.43524
237 -36.47188
238 -36.50721
239 -36.54123
240 -36.57377
241 -36.60509
242 -36.63538
243 -36.66472
244 -36.69294
245 -36.72023
246 -36.74655
247 -36.77186
248 -36.79637
249 -36.82
250 -36.84278
251 -36.86465
252 -36.88566
253 -36.90597
254 -36.92545
255 -36.94423
256 -36.96243
257 -36.97993
258 -36.99678
259 -37.01299
260 -37.0286
261 -37.04369
262 -37.05816
263 -37.07211
264 -37.08561
265 -37.09861
266 -37.11117
267 -37.12328
268 -37.13501
269 -37.14625
270 -37.15718
271 -37.16771
272 -37.17791
273 -37.18769
274 -37.19721
275 -37.20641
276 -37.21519
277 -37.22377
278 -37.23211
279 -37.24008
280 -37.24783
281 -37.25532
282 -37.26255
283 -37.26954
284 -37.27632
285 -37.28285
286 -37.28917
287 -37.2953
288 -37.30122
289 -37.30695
290 -37.3125
291 -37.31783
292 -37.32304
293 -37.328
294 -37.33295
295 -37.33764
296 -37.34215
297 -37.34655
298 -37.35083
299 -37.355
300 -37.359
301 -37.36286
302 -37.36662
303 -37.37022
304 -37.37377
305 -37.37724
306 -37.38053
307 -37.38374
308 -37.38684
309 -37.38986
310 -37.39273
311 -37.39551
312 -37.39824
313 -37.40091
314 -37.4035
315 -37.40598
316 -37.40837
317 -37.41071
318 -37.41298
319 -37.4152
320 -37.41735
321 -37.41939
322 -37.42142
323 -37.42338
324 -37.42527
325 -37.42707
326 -37.42884
327 -37.43058
328 -37.43224
329 -37.43393
330 -37.43546
331 -37.43697
332 -37.43848
333 -37.43991
334 -37.44129
335 -37.44266
336 -37.44396
337 -37.44526
338 -37.44646
339 -37.44768
340 -37.44885
341 -37.45
342 -37.45108
343 -37.45219
344 -37.45322
345 -37.45423
346 -37.4552
347 -37.45612
348 -37.45704
349 -37.45796
350 -37.45879
351 -37.45962
352 -37.46044
353 -37.46128
354 -37.46203
355 -37.46277
356 -37.46352
357 -37.46424
358 -37.46492
359 -37.46562
360 -37.46626
361 -37.46688
362 -37.46749
363 -37.4681
364 -37.46868
365 -37.46925
366 -37.46975
367 -37.47031
368 -37.47084
369 -37.47134
370 -37.47181
371 -37.47229
372 -37.47274
373 -37.47317
374 -37.47356
375 -37.47401
376 -37.47442
377 -37.4748
378 -37.47516
379 -37.47557
380 -37.47591
381 -37.47628
382 -37.47663
383 -37.47696
384 -37.47729
385 -37.47758
386 -37.47786
387 -37.4782
388 -37.47847
389 -37.4788
390 -37.47906
391 -37.47931
392 -37.47957
393 -37.47977
394 -37.48006
395 -37.4803
396 -37.48055
397 -37.48077
398 -37.48097
399 -37.48116
400 -37.48138
401 -37.48158
402 -37.48175
403 -37.48195
404 -37.48214
405 -37.4823
406 -37.48247
407 -37.48267
408 -37.48285
409 -37.48299
410 -37.48312
411 -37.48326
412 -37.48341
413 -37.48355
414 -37.4837
415 -37.48383
416 -37.48397
417 -37.48412
418 -37.48421
419 -37.48434
420 -37.48445
421 -37.48454
422 -37.48466
423 -37.48477
424 -37.48487
425 -37.48497
426 -37.48504
427 -37.48514
428 -37.48526
429 -37.48534
430 -37.48541
431 -37.48549
432 -37.48557
433 -37.48568
434 -37.48576
435 -37.48584
436 -37.48589
437 -37.48595
438 -37.48602
439 -37.48609
440 -37.48616
